{"contracts/BotDetector.sol":{"l":{"52":4,"56":3,"60":18,"61":18,"62":18,"66":1,"67":1,"69":1,"80":1,"94":0,"95":0,"97":0,"98":0,"100":0,"102":0,"104":0,"115":0,"131":0,"133":0,"134":0,"136":0,"138":0,"140":0,"141":0,"152":0,"153":0,"155":0,"156":0,"157":0,"159":0,"164":0,"173":0,"188":2,"190":2,"191":3,"192":3,"197":1,"198":1,"204":1,"208":2,"214":0,"218":2,"219":1},"path":"/Users/rudrabhaskar/Desktop/Github-Desktop/Github_Desktop/Trading_Bot_Detection/contracts/BotDetector.sol","s":{"1":4,"2":1,"3":1,"4":1,"5":1,"6":0,"7":0,"8":0,"9":0,"10":0,"11":0,"12":0,"13":0,"14":0,"15":0,"16":0,"17":0,"18":0,"19":0,"20":0,"21":0,"22":0,"23":0,"24":0,"25":0,"26":2,"27":2,"28":1,"29":2,"30":0,"31":2},"b":{"1":[3,1],"2":[3,0],"3":[1,0],"4":[1,0],"5":[0,0],"6":[0,0],"7":[0,0],"8":[0,0],"9":[0,0],"10":[0,0],"11":[0,0],"12":[0,0],"13":[2,1],"14":[2,0],"15":[1,0],"16":[1,1]},"f":{"1":4,"2":18,"3":1,"4":0,"5":0,"6":0,"7":2,"8":1,"9":1,"10":2,"11":0,"12":2},"fnMap":{"1":{"name":"onlyAnalyzer","line":51,"loc":{"start":{"line":51,"column":4},"end":{"line":57,"column":4}}},"2":{"name":"constructor","line":59,"loc":{"start":{"line":59,"column":4},"end":{"line":63,"column":4}}},"3":{"name":"executeTrade","line":65,"loc":{"start":{"line":65,"column":4},"end":{"line":87,"column":4}}},"4":{"name":"executeTradeWithPriceProof","line":89,"loc":{"start":{"line":89,"column":4},"end":{"line":122,"column":4}}},"5":{"name":"flagBotsWithPythProof","line":130,"loc":{"start":{"line":124,"column":4},"end":{"line":143,"column":4}}},"6":{"name":"_flagBotWithEvidence","line":146,"loc":{"start":{"line":146,"column":4},"end":{"line":181,"column":4}}},"7":{"name":"flagBots","line":187,"loc":{"start":{"line":183,"column":4},"end":{"line":194,"column":4}}},"8":{"name":"unflagBot","line":196,"loc":{"start":{"line":196,"column":4},"end":{"line":199,"column":4}}},"9":{"name":"getUserTrades","line":201,"loc":{"start":{"line":201,"column":4},"end":{"line":205,"column":4}}},"10":{"name":"isBot","line":207,"loc":{"start":{"line":207,"column":4},"end":{"line":209,"column":4}}},"11":{"name":"getBotEvidence","line":211,"loc":{"start":{"line":211,"column":4},"end":{"line":215,"column":4}}},"12":{"name":"setBotAnalyzer","line":217,"loc":{"start":{"line":217,"column":4},"end":{"line":220,"column":4}}}},"statementMap":{"1":{"start":{"line":52,"column":8},"end":{"line":52,"column":1286}},"2":{"start":{"line":66,"column":8},"end":{"line":66,"column":77}},"3":{"start":{"line":67,"column":8},"end":{"line":67,"column":44}},"4":{"start":{"line":69,"column":8},"end":{"line":69,"column":1775}},"5":{"start":{"line":80,"column":8},"end":{"line":80,"column":2091}},"6":{"start":{"line":94,"column":8},"end":{"line":94,"column":77}},"7":{"start":{"line":95,"column":8},"end":{"line":95,"column":44}},"8":{"start":{"line":97,"column":8},"end":{"line":97,"column":53}},"9":{"start":{"line":98,"column":8},"end":{"line":98,"column":52}},"10":{"start":{"line":100,"column":8},"end":{"line":100,"column":57}},"11":{"start":{"line":102,"column":8},"end":{"line":102,"column":78}},"12":{"start":{"line":104,"column":8},"end":{"line":104,"column":2786}},"13":{"start":{"line":115,"column":8},"end":{"line":115,"column":3136}},"14":{"start":{"line":131,"column":8},"end":{"line":131,"column":64}},"15":{"start":{"line":133,"column":8},"end":{"line":133,"column":53}},"16":{"start":{"line":134,"column":8},"end":{"line":134,"column":57}},"17":{"start":{"line":136,"column":8},"end":{"line":136,"column":57}},"18":{"start":{"line":138,"column":8},"end":{"line":138,"column":76}},"19":{"start":{"line":140,"column":8},"end":{"line":140,"column":3872}},"20":{"start":{"line":141,"column":12},"end":{"line":141,"column":78}},"21":{"start":{"line":155,"column":8},"end":{"line":155,"column":55}},"22":{"start":{"line":156,"column":8},"end":{"line":156,"column":4388}},"23":{"start":{"line":157,"column":12},"end":{"line":157,"column":68}},"24":{"start":{"line":159,"column":12},"end":{"line":159,"column":4507}},"25":{"start":{"line":173,"column":12},"end":{"line":173,"column":5032}},"26":{"start":{"line":188,"column":8},"end":{"line":188,"column":64}},"27":{"start":{"line":190,"column":8},"end":{"line":190,"column":5451}},"28":{"start":{"line":204,"column":8},"end":{"line":204,"column":31}},"29":{"start":{"line":208,"column":8},"end":{"line":208,"column":52}},"30":{"start":{"line":214,"column":8},"end":{"line":214,"column":37}},"31":{"start":{"line":218,"column":8},"end":{"line":218,"column":49}}},"branchMap":{"1":{"line":52,"type":"if","locations":[{"start":{"line":52,"column":8},"end":{"line":52,"column":8}},{"start":{"line":52,"column":8},"end":{"line":52,"column":8}}]},"2":{"line":53,"type":"cond-expr","locations":[{"start":{"line":53,"column":12},"end":{"line":53,"column":36}},{"start":{"line":53,"column":41},"end":{"line":53,"column":59}}]},"3":{"line":66,"type":"if","locations":[{"start":{"line":66,"column":8},"end":{"line":66,"column":8}},{"start":{"line":66,"column":8},"end":{"line":66,"column":8}}]},"4":{"line":67,"type":"if","locations":[{"start":{"line":67,"column":8},"end":{"line":67,"column":8}},{"start":{"line":67,"column":8},"end":{"line":67,"column":8}}]},"5":{"line":94,"type":"if","locations":[{"start":{"line":94,"column":8},"end":{"line":94,"column":8}},{"start":{"line":94,"column":8},"end":{"line":94,"column":8}}]},"6":{"line":95,"type":"if","locations":[{"start":{"line":95,"column":8},"end":{"line":95,"column":8}},{"start":{"line":95,"column":8},"end":{"line":95,"column":8}}]},"7":{"line":98,"type":"if","locations":[{"start":{"line":98,"column":8},"end":{"line":98,"column":8}},{"start":{"line":98,"column":8},"end":{"line":98,"column":8}}]},"8":{"line":130,"type":"if","locations":[{"start":{"line":130,"column":23},"end":{"line":130,"column":23}},{"start":{"line":130,"column":23},"end":{"line":130,"column":23}}]},"9":{"line":131,"type":"if","locations":[{"start":{"line":131,"column":8},"end":{"line":131,"column":8}},{"start":{"line":131,"column":8},"end":{"line":131,"column":8}}]},"10":{"line":134,"type":"if","locations":[{"start":{"line":134,"column":8},"end":{"line":134,"column":8}},{"start":{"line":134,"column":8},"end":{"line":134,"column":8}}]},"11":{"line":156,"type":"if","locations":[{"start":{"line":156,"column":8},"end":{"line":156,"column":8}},{"start":{"line":156,"column":8},"end":{"line":156,"column":8}}]},"12":{"line":161,"type":"if","locations":[{"start":{"line":161,"column":18},"end":{"line":161,"column":72}},{"start":{"line":162,"column":18},"end":{"line":162,"column":18}}]},"13":{"line":187,"type":"if","locations":[{"start":{"line":187,"column":15},"end":{"line":187,"column":15}},{"start":{"line":187,"column":15},"end":{"line":187,"column":15}}]},"14":{"line":188,"type":"if","locations":[{"start":{"line":188,"column":8},"end":{"line":188,"column":8}},{"start":{"line":188,"column":8},"end":{"line":188,"column":8}}]},"15":{"line":196,"type":"if","locations":[{"start":{"line":196,"column":46},"end":{"line":196,"column":46}},{"start":{"line":196,"column":46},"end":{"line":196,"column":46}}]},"16":{"line":218,"type":"if","locations":[{"start":{"line":218,"column":8},"end":{"line":218,"column":8}},{"start":{"line":218,"column":8},"end":{"line":218,"column":8}}]}}}}