TN:
SF:/Users/rudrabhaskar/Desktop/Github-Desktop/Github_Desktop/Trading_Bot_Detection/contracts/BotDetector.sol
FN:51,onlyAnalyzer
FN:59,constructor
FN:65,executeTrade
FN:89,executeTradeWithPriceProof
FN:130,flagBotsWithPythProof
FN:146,_flagBotWithEvidence
FN:187,flagBots
FN:196,unflagBot
FN:201,getUserTrades
FN:207,isBot
FN:211,getBotEvidence
FN:217,setBotAnalyzer
FNF:12
FNH:8
FNDA:4,onlyAnalyzer
FNDA:18,constructor
FNDA:1,executeTrade
FNDA:0,executeTradeWithPriceProof
FNDA:0,flagBotsWithPythProof
FNDA:0,_flagBotWithEvidence
FNDA:2,flagBots
FNDA:1,unflagBot
FNDA:1,getUserTrades
FNDA:2,isBot
FNDA:0,getBotEvidence
FNDA:2,setBotAnalyzer
DA:52,4
DA:56,3
DA:60,18
DA:61,18
DA:62,18
DA:66,1
DA:67,1
DA:69,1
DA:80,1
DA:94,0
DA:95,0
DA:97,0
DA:98,0
DA:100,0
DA:102,0
DA:104,0
DA:115,0
DA:131,0
DA:133,0
DA:134,0
DA:136,0
DA:138,0
DA:140,0
DA:141,0
DA:152,0
DA:153,0
DA:155,0
DA:156,0
DA:157,0
DA:159,0
DA:164,0
DA:173,0
DA:188,2
DA:190,2
DA:191,3
DA:192,3
DA:197,1
DA:198,1
DA:204,1
DA:208,2
DA:214,0
DA:218,2
DA:219,1
LF:43
LH:19
BRDA:52,1,0,3
BRDA:52,1,1,1
BRDA:53,2,0,3
BRDA:53,2,1,0
BRDA:66,3,0,1
BRDA:66,3,1,0
BRDA:67,4,0,1
BRDA:67,4,1,0
BRDA:94,5,0,0
BRDA:94,5,1,0
BRDA:95,6,0,0
BRDA:95,6,1,0
BRDA:98,7,0,0
BRDA:98,7,1,0
BRDA:130,8,0,0
BRDA:130,8,1,0
BRDA:131,9,0,0
BRDA:131,9,1,0
BRDA:134,10,0,0
BRDA:134,10,1,0
BRDA:156,11,0,0
BRDA:156,11,1,0
BRDA:161,12,0,0
BRDA:161,12,1,0
BRDA:187,13,0,2
BRDA:187,13,1,1
BRDA:188,14,0,2
BRDA:188,14,1,0
BRDA:196,15,0,1
BRDA:196,15,1,0
BRDA:218,16,0,1
BRDA:218,16,1,1
BRF:32
BRH:11
end_of_record
